{
  "stats": {
    "suites": 1,
    "tests": 15,
    "passes": 8,
    "pending": 0,
    "failures": 7,
    "start": "2025-07-15T05:16:53.833Z",
    "end": "2025-07-15T05:17:26.260Z",
    "duration": 32427,
    "testsRegistered": 15,
    "passPercent": 53.333333333333336,
    "pendingPercent": 0,
    "other": 0,
    "hasOther": false,
    "skipped": 0,
    "hasSkipped": false
  },
  "results": [
    {
      "uuid": "6b6cea04-8bfd-4c64-b4cc-58e26a00474f",
      "title": "",
      "fullFile": "cypress\\e2e\\tinyflix_smoke_test.cy.js",
      "file": "cypress\\e2e\\tinyflix_smoke_test.cy.js",
      "beforeHooks": [],
      "afterHooks": [],
      "tests": [],
      "suites": [
        {
          "uuid": "00b836a7-6020-405e-abe2-c6253550c310",
          "title": "TinyFlix Functional Test Suite",
          "fullFile": "",
          "file": "",
          "beforeHooks": [],
          "afterHooks": [],
          "tests": [
            {
              "title": "Loads homepage and checks TinyFlix title",
              "fullTitle": "TinyFlix Functional Test Suite Loads homepage and checks TinyFlix title",
              "timedOut": null,
              "duration": 1505,
              "state": "passed",
              "speed": "fast",
              "pass": true,
              "fail": false,
              "pending": false,
              "context": null,
              "code": "cy.visit('/');\ncy.contains('TinyFlix');",
              "err": {},
              "uuid": "02b43797-39bb-4808-9163-27aa39352b66",
              "parentUUID": "00b836a7-6020-405e-abe2-c6253550c310",
              "isHook": false,
              "skipped": false
            },
            {
              "title": "Search by title works",
              "fullTitle": "TinyFlix Functional Test Suite Search by title works",
              "timedOut": null,
              "duration": 572,
              "state": "passed",
              "speed": "fast",
              "pass": true,
              "fail": false,
              "pending": false,
              "context": null,
              "code": "cy.visit('/');\ncy.get('input').first().type('Intro to Testing{enter}');\ncy.contains('Intro to Testing');",
              "err": {},
              "uuid": "b29f4bc5-6955-4834-9206-c4e51bbb8425",
              "parentUUID": "00b836a7-6020-405e-abe2-c6253550c310",
              "isHook": false,
              "skipped": false
            },
            {
              "title": "Filter by recent works",
              "fullTitle": "TinyFlix Functional Test Suite Filter by recent works",
              "timedOut": null,
              "duration": 294,
              "state": "passed",
              "speed": "fast",
              "pass": true,
              "fail": false,
              "pending": false,
              "context": null,
              "code": "cy.visit('/');\ncy.get('select').first().select('recent');\ncy.contains('Recent');",
              "err": {},
              "uuid": "70ce26e7-8d31-4dbf-a147-de6c4dab92d0",
              "parentUUID": "00b836a7-6020-405e-abe2-c6253550c310",
              "isHook": false,
              "skipped": false
            },
            {
              "title": "Clicks video card and sees error message",
              "fullTitle": "TinyFlix Functional Test Suite Clicks video card and sees error message",
              "timedOut": null,
              "duration": 4465,
              "state": "failed",
              "speed": null,
              "pass": false,
              "fail": true,
              "pending": false,
              "context": null,
              "code": "cy.visit('/');\ncy.get('.video-card').first().click();\ncy.contains('Error loading video').should('exist');",
              "err": {
                "message": "AssertionError: Timed out retrying after 4000ms: Expected to find content: 'Error loading video' but never did.",
                "estack": "AssertionError: Timed out retrying after 4000ms: Expected to find content: 'Error loading video' but never did.\n    at Context.eval (webpack://tinyflix/./cypress/e2e/tinyflix_smoke_test.cy.js:23:39)",
                "diff": null
              },
              "uuid": "23fd87ca-8649-4659-a5e4-bacdff29adfa",
              "parentUUID": "00b836a7-6020-405e-abe2-c6253550c310",
              "isHook": false,
              "skipped": false
            },
            {
              "title": "Adds a comment on a video",
              "fullTitle": "TinyFlix Functional Test Suite Adds a comment on a video",
              "timedOut": null,
              "duration": 1523,
              "state": "passed",
              "speed": "fast",
              "pass": true,
              "fail": false,
              "pending": false,
              "context": null,
              "code": "cy.visit('/');\ncy.get('.video-card').first().click();\ncy.get('textarea').first().type('Testing comment{enter}');",
              "err": {},
              "uuid": "16e1f484-5ae6-4ccf-b70d-3d9dfae5ac17",
              "parentUUID": "00b836a7-6020-405e-abe2-c6253550c310",
              "isHook": false,
              "skipped": false
            },
            {
              "title": "Adds a bookmark to a video",
              "fullTitle": "TinyFlix Functional Test Suite Adds a bookmark to a video",
              "timedOut": null,
              "duration": 1378,
              "state": "failed",
              "speed": null,
              "pass": false,
              "fail": true,
              "pending": false,
              "context": null,
              "code": "cy.visit('/');\ncy.get('.video-card').first().click();\ncy.get('.bookmark-button').click();",
              "err": {
                "message": "CypressError: `cy.click()` can only be called on a single element. Your subject contained 3 elements. Pass `{ multiple: true }` if you want to serially click each element.\n\nhttps://on.cypress.io/click",
                "estack": "CypressError: `cy.click()` can only be called on a single element. Your subject contained 3 elements. Pass `{ multiple: true }` if you want to serially click each element.\n\nhttps://on.cypress.io/click\n    at mouseAction (http://localhost:5173/__cypress/runner/cypress_runner.js:113980:68)\n    at Context.click (http://localhost:5173/__cypress/runner/cypress_runner.js:114147:14)\n    at wrapped (http://localhost:5173/__cypress/runner/cypress_runner.js:141532:19)\nFrom Your Spec Code:\n    at Object.proxyGetter [as get] (http://localhost:5173/__cypress/runner/cypress_runner.js:80297:22)\n    at exists (http://localhost:5173/__cypress/runner/cypress_runner.js:146387:26)\n    at elExists (http://localhost:5173/__cypress/runner/cypress_runner.js:146402:10)\n    at ensureExistence (http://localhost:5173/__cypress/runner/cypress_runner.js:146583:22)\n    at onFailFn (http://localhost:5173/__cypress/runner/cypress_runner.js:146612:53)",
                "diff": null
              },
              "uuid": "de1f05b3-eee6-4ee1-93cc-aeae24a52ae5",
              "parentUUID": "00b836a7-6020-405e-abe2-c6253550c310",
              "isHook": false,
              "skipped": false
            },
            {
              "title": "Checks bookmark list",
              "fullTitle": "TinyFlix Functional Test Suite Checks bookmark list",
              "timedOut": null,
              "duration": 4325,
              "state": "failed",
              "speed": null,
              "pass": false,
              "fail": true,
              "pending": false,
              "context": null,
              "code": "cy.visit('/');\ncy.contains('Bookmarks');",
              "err": {
                "message": "AssertionError: Timed out retrying after 4000ms: Expected to find content: 'Bookmarks' but never did.",
                "estack": "AssertionError: Timed out retrying after 4000ms: Expected to find content: 'Bookmarks' but never did.\n    at Context.eval (webpack://tinyflix/./cypress/e2e/tinyflix_smoke_test.cy.js:40:7)",
                "diff": null
              },
              "uuid": "b60389d2-7827-41e1-b53c-ba5230a87a97",
              "parentUUID": "00b836a7-6020-405e-abe2-c6253550c310",
              "isHook": false,
              "skipped": false
            },
            {
              "title": "Handles invalid comment input",
              "fullTitle": "TinyFlix Functional Test Suite Handles invalid comment input",
              "timedOut": null,
              "duration": 5612,
              "state": "failed",
              "speed": null,
              "pass": false,
              "fail": true,
              "pending": false,
              "context": null,
              "code": "cy.visit('/');\ncy.get('.video-card').first().click();\ncy.get('textarea').first().clear().type('{enter}');\ncy.contains('Comment cannot be empty').should('exist');",
              "err": {
                "message": "AssertionError: Timed out retrying after 4000ms: Expected to find content: 'Comment cannot be empty' but never did.",
                "estack": "AssertionError: Timed out retrying after 4000ms: Expected to find content: 'Comment cannot be empty' but never did.\n    at Context.eval (webpack://tinyflix/./cypress/e2e/tinyflix_smoke_test.cy.js:47:43)",
                "diff": null
              },
              "uuid": "c3a5bfdc-a42d-4ce6-93ce-e526410482b2",
              "parentUUID": "00b836a7-6020-405e-abe2-c6253550c310",
              "isHook": false,
              "skipped": false
            },
            {
              "title": "Handles network error simulation",
              "fullTitle": "TinyFlix Functional Test Suite Handles network error simulation",
              "timedOut": null,
              "duration": 5284,
              "state": "failed",
              "speed": null,
              "pass": false,
              "fail": true,
              "pending": false,
              "context": null,
              "code": "cy.intercept('GET', '**/videos', {\n  forceNetworkError: true\n}).as('getVideos');\ncy.visit('/');\ncy.wait('@getVideos');\ncy.contains('Error fetching videos').should('exist');",
              "err": {
                "message": "CypressError: Timed out retrying after 5000ms: `cy.wait()` timed out waiting `5000ms` for the 1st request to the route: `getVideos`. No request ever occurred.\n\nhttps://on.cypress.io/wait",
                "estack": "CypressError: Timed out retrying after 5000ms: `cy.wait()` timed out waiting `5000ms` for the 1st request to the route: `getVideos`. No request ever occurred.\n\nhttps://on.cypress.io/wait\n    at cypressErr (http://localhost:5173/__cypress/runner/cypress_runner.js:77535:18)\n    at Object.errByPath (http://localhost:5173/__cypress/runner/cypress_runner.js:77589:10)\n    at checkForXhr (http://localhost:5173/__cypress/runner/cypress_runner.js:138823:84)\n    at <unknown> (http://localhost:5173/__cypress/runner/cypress_runner.js:138849:28)\n    at tryCatcher (http://localhost:5173/__cypress/runner/cypress_runner.js:1777:23)\n    at Promise.attempt.Promise.try (http://localhost:5173/__cypress/runner/cypress_runner.js:4285:29)\n    at whenStable (http://localhost:5173/__cypress/runner/cypress_runner.js:147205:68)\n    at <unknown> (http://localhost:5173/__cypress/runner/cypress_runner.js:147146:14)\n    at tryCatcher (http://localhost:5173/__cypress/runner/cypress_runner.js:1777:23)\n    at Promise._settlePromiseFromHandler (http://localhost:5173/__cypress/runner/cypress_runner.js:1489:31)\n    at Promise._settlePromise (http://localhost:5173/__cypress/runner/cypress_runner.js:1546:18)\n    at Promise._settlePromise0 (http://localhost:5173/__cypress/runner/cypress_runner.js:1591:10)\n    at Promise._settlePromises (http://localhost:5173/__cypress/runner/cypress_runner.js:1671:18)\n    at Promise._fulfill (http://localhost:5173/__cypress/runner/cypress_runner.js:1615:18)\n    at <unknown> (http://localhost:5173/__cypress/runner/cypress_runner.js:5420:46)\nFrom Your Spec Code:\n    at Context.eval (webpack://tinyflix/./cypress/e2e/tinyflix_smoke_test.cy.js:53:7)",
                "diff": null
              },
              "uuid": "397aaec6-298a-46b9-a8f3-3da0f783507b",
              "parentUUID": "00b836a7-6020-405e-abe2-c6253550c310",
              "isHook": false,
              "skipped": false
            },
            {
              "title": "Deletes a bookmark from the list",
              "fullTitle": "TinyFlix Functional Test Suite Deletes a bookmark from the list",
              "timedOut": null,
              "duration": 1387,
              "state": "failed",
              "speed": null,
              "pass": false,
              "fail": true,
              "pending": false,
              "context": null,
              "code": "cy.visit('/');\ncy.get('.video-card').first().click();\ncy.get('.bookmark-button').click();\ncy.get('.bookmark-list .bookmark-item').first().find('.delete-button').click();\ncy.contains('Bookmark removed').should('exist');",
              "err": {
                "message": "CypressError: `cy.click()` can only be called on a single element. Your subject contained 3 elements. Pass `{ multiple: true }` if you want to serially click each element.\n\nhttps://on.cypress.io/click",
                "estack": "CypressError: `cy.click()` can only be called on a single element. Your subject contained 3 elements. Pass `{ multiple: true }` if you want to serially click each element.\n\nhttps://on.cypress.io/click\n    at mouseAction (http://localhost:5173/__cypress/runner/cypress_runner.js:113980:68)\n    at Context.click (http://localhost:5173/__cypress/runner/cypress_runner.js:114147:14)\n    at wrapped (http://localhost:5173/__cypress/runner/cypress_runner.js:141532:19)\n    at <unknown> (http://localhost:5173/__cypress/runner/cypress_runner.js:147477:15)\n    at tryCatcher (http://localhost:5173/__cypress/runner/cypress_runner.js:1777:23)\n    at Promise._settlePromiseFromHandler (http://localhost:5173/__cypress/runner/cypress_runner.js:1489:31)\n    at Promise._settlePromise (http://localhost:5173/__cypress/runner/cypress_runner.js:1546:18)\n    at Promise._settlePromiseCtx (http://localhost:5173/__cypress/runner/cypress_runner.js:1583:10)\n    at _drainQueueStep (http://localhost:5173/__cypress/runner/cypress_runner.js:2381:12)\n    at _drainQueue (http://localhost:5173/__cypress/runner/cypress_runner.js:2370:9)\n    at Async._drainQueues (http://localhost:5173/__cypress/runner/cypress_runner.js:2386:5)\n    at Async.drainQueues (http://localhost:5173/__cypress/runner/cypress_runner.js:2256:14)",
                "diff": null
              },
              "uuid": "81a2f3fe-3ce2-4b11-a3fb-e6b6acc9b2a1",
              "parentUUID": "00b836a7-6020-405e-abe2-c6253550c310",
              "isHook": false,
              "skipped": false
            },
            {
              "title": "Changes playback rate and verifies control value",
              "fullTitle": "TinyFlix Functional Test Suite Changes playback rate and verifies control value",
              "timedOut": null,
              "duration": 1333,
              "state": "passed",
              "speed": "fast",
              "pass": true,
              "fail": false,
              "pending": false,
              "context": null,
              "code": "cy.visit('/');\ncy.get('.video-card').first().click();\ncy.get('select[aria-label=\"Playback speed\"]').select('2x');\ncy.get('select[aria-label=\"Playback speed\"]').should('have.value', '2');",
              "err": {},
              "uuid": "819d0da8-9ad9-4f7f-8385-064b5fba4075",
              "parentUUID": "00b836a7-6020-405e-abe2-c6253550c310",
              "isHook": false,
              "skipped": false
            },
            {
              "title": "Toggles autoplay preference and verifies checkbox state",
              "fullTitle": "TinyFlix Functional Test Suite Toggles autoplay preference and verifies checkbox state",
              "timedOut": null,
              "duration": 1358,
              "state": "passed",
              "speed": "fast",
              "pass": true,
              "fail": false,
              "pending": false,
              "context": null,
              "code": "cy.visit('/');\ncy.get('.video-card').first().click();\ncy.get('input[type=\"checkbox\"]').first().check().should('be.checked');\ncy.get('input[type=\"checkbox\"]').first().uncheck().should('not.be.checked');",
              "err": {},
              "uuid": "b7ef2407-8e27-4566-a61a-b23ddb52f84b",
              "parentUUID": "00b836a7-6020-405e-abe2-c6253550c310",
              "isHook": false,
              "skipped": false
            },
            {
              "title": "Adjusts volume slider and verifies value",
              "fullTitle": "TinyFlix Functional Test Suite Adjusts volume slider and verifies value",
              "timedOut": null,
              "duration": 1268,
              "state": "passed",
              "speed": "fast",
              "pass": true,
              "fail": false,
              "pending": false,
              "context": null,
              "code": "cy.visit('/');\ncy.get('.video-card').first().click();\ncy.get('input[type=\"range\"]').eq(1).invoke('val', 0.5).trigger('input');\ncy.get('input[type=\"range\"]').eq(1).should('have.value', '0.5');",
              "err": {},
              "uuid": "bc4482f2-6084-4894-8638-1be73e45f5dd",
              "parentUUID": "00b836a7-6020-405e-abe2-c6253550c310",
              "isHook": false,
              "skipped": false
            },
            {
              "title": "Tests keyboard navigation on homepage",
              "fullTitle": "TinyFlix Functional Test Suite Tests keyboard navigation on homepage",
              "timedOut": null,
              "duration": 221,
              "state": "failed",
              "speed": null,
              "pass": false,
              "fail": true,
              "pending": false,
              "context": null,
              "code": "cy.visit('/');\ncy.get('body').tab();\ncy.focused().should('exist');",
              "err": {
                "message": "TypeError: cy.get(...).tab is not a function",
                "estack": "TypeError: cy.get(...).tab is not a function\n    at Context.eval (webpack://tinyflix/./cypress/e2e/tinyflix_smoke_test.cy.js:88:17)\n    at runnable.fn (http://localhost:5173/__cypress/runner/cypress_runner.js:141799:19)\n    at callFn (http://localhost:5173/__cypress/runner/cypress_runner.js:160877:21)\n    at Runnable.run (http://localhost:5173/__cypress/runner/cypress_runner.js:160864:7)\n    at <unknown> (http://localhost:5173/__cypress/runner/cypress_runner.js:166954:30)\n    at PassThroughHandlerContext.finallyHandler (http://localhost:5173/__cypress/runner/cypress_runner.js:4042:23)\n    at PassThroughHandlerContext.tryCatcher (http://localhost:5173/__cypress/runner/cypress_runner.js:1777:23)\n    at Promise._settlePromiseFromHandler (http://localhost:5173/__cypress/runner/cypress_runner.js:1489:31)\n    at Promise._settlePromise (http://localhost:5173/__cypress/runner/cypress_runner.js:1546:18)",
                "diff": null
              },
              "uuid": "81a07e78-aa02-401f-8bbd-7e48e95f4174",
              "parentUUID": "00b836a7-6020-405e-abe2-c6253550c310",
              "isHook": false,
              "skipped": false
            },
            {
              "title": "Verifies subtitle preference toggle",
              "fullTitle": "TinyFlix Functional Test Suite Verifies subtitle preference toggle",
              "timedOut": null,
              "duration": 1302,
              "state": "passed",
              "speed": "fast",
              "pass": true,
              "fail": false,
              "pending": false,
              "context": null,
              "code": "cy.visit('/');\ncy.get('.video-card').first().click();\ncy.get('input[type=\"checkbox\"]').last().check().should('be.checked');\ncy.get('input[type=\"checkbox\"]').last().uncheck().should('not.be.checked');",
              "err": {},
              "uuid": "cd9e3a1b-4825-4c56-85a8-48b9bf86c2a0",
              "parentUUID": "00b836a7-6020-405e-abe2-c6253550c310",
              "isHook": false,
              "skipped": false
            }
          ],
          "suites": [],
          "passes": [
            "02b43797-39bb-4808-9163-27aa39352b66",
            "b29f4bc5-6955-4834-9206-c4e51bbb8425",
            "70ce26e7-8d31-4dbf-a147-de6c4dab92d0",
            "16e1f484-5ae6-4ccf-b70d-3d9dfae5ac17",
            "819d0da8-9ad9-4f7f-8385-064b5fba4075",
            "b7ef2407-8e27-4566-a61a-b23ddb52f84b",
            "bc4482f2-6084-4894-8638-1be73e45f5dd",
            "cd9e3a1b-4825-4c56-85a8-48b9bf86c2a0"
          ],
          "failures": [
            "23fd87ca-8649-4659-a5e4-bacdff29adfa",
            "de1f05b3-eee6-4ee1-93cc-aeae24a52ae5",
            "b60389d2-7827-41e1-b53c-ba5230a87a97",
            "c3a5bfdc-a42d-4ce6-93ce-e526410482b2",
            "397aaec6-298a-46b9-a8f3-3da0f783507b",
            "81a2f3fe-3ce2-4b11-a3fb-e6b6acc9b2a1",
            "81a07e78-aa02-401f-8bbd-7e48e95f4174"
          ],
          "pending": [],
          "skipped": [],
          "duration": 31827,
          "root": false,
          "rootEmpty": false,
          "_timeout": 2000
        }
      ],
      "passes": [],
      "failures": [],
      "pending": [],
      "skipped": [],
      "duration": 0,
      "root": true,
      "rootEmpty": true,
      "_timeout": 2000
    }
  ],
  "meta": {
    "mocha": {
      "version": "7.2.0"
    },
    "mochawesome": {
      "options": {
        "quiet": false,
        "reportFilename": "mochawesome",
        "saveHtml": true,
        "saveJson": true,
        "consoleReporter": "spec",
        "useInlineDiffs": false,
        "code": true
      },
      "version": "7.1.3"
    },
    "marge": {
      "options": {
        "reportDir": "cypress/reports",
        "overwrite": false,
        "html": true,
        "json": true
      },
      "version": "6.2.0"
    }
  }
}