{
  "stats": {
    "suites": 1,
    "tests": 9,
    "passes": 5,
    "pending": 0,
    "failures": 4,
    "start": "2025-07-15T02:25:37.649Z",
    "end": "2025-07-15T02:26:02.198Z",
    "duration": 24549,
    "testsRegistered": 9,
    "passPercent": 55.55555555555556,
    "pendingPercent": 0,
    "other": 0,
    "hasOther": false,
    "skipped": 0,
    "hasSkipped": false
  },
  "results": [
    {
      "uuid": "b444dcb8-c2ce-4763-bd32-86d31bff3d2a",
      "title": "",
      "fullFile": "cypress\\e2e\\tinyflix_smoke_test.cy.js",
      "file": "cypress\\e2e\\tinyflix_smoke_test.cy.js",
      "beforeHooks": [],
      "afterHooks": [],
      "tests": [],
      "suites": [
        {
          "uuid": "4b1ca751-55b5-4edd-bd9f-01d77cf07663",
          "title": "TinyFlix Functional Test Suite",
          "fullFile": "",
          "file": "",
          "beforeHooks": [],
          "afterHooks": [],
          "tests": [
            {
              "title": "Loads homepage and checks TinyFlix title",
              "fullTitle": "TinyFlix Functional Test Suite Loads homepage and checks TinyFlix title",
              "timedOut": null,
              "duration": 616,
              "state": "passed",
              "speed": "fast",
              "pass": true,
              "fail": false,
              "pending": false,
              "context": null,
              "code": "cy.visit('/');\ncy.contains('TinyFlix');",
              "err": {},
              "uuid": "37b3e3f1-97c8-41b1-8833-3c8a4bd6c8ab",
              "parentUUID": "4b1ca751-55b5-4edd-bd9f-01d77cf07663",
              "isHook": false,
              "skipped": false
            },
            {
              "title": "Search by title works",
              "fullTitle": "TinyFlix Functional Test Suite Search by title works",
              "timedOut": null,
              "duration": 691,
              "state": "passed",
              "speed": "fast",
              "pass": true,
              "fail": false,
              "pending": false,
              "context": null,
              "code": "cy.visit('/');\ncy.get('input').first().type('Intro to Testing{enter}');\ncy.contains('Intro to Testing');",
              "err": {},
              "uuid": "3283f83a-6782-49ad-aeec-1e82dbdb29ac",
              "parentUUID": "4b1ca751-55b5-4edd-bd9f-01d77cf07663",
              "isHook": false,
              "skipped": false
            },
            {
              "title": "Filter by recent works",
              "fullTitle": "TinyFlix Functional Test Suite Filter by recent works",
              "timedOut": null,
              "duration": 369,
              "state": "passed",
              "speed": "fast",
              "pass": true,
              "fail": false,
              "pending": false,
              "context": null,
              "code": "cy.visit('/');\ncy.get('select').first().select('recent');\ncy.contains('Recent');",
              "err": {},
              "uuid": "7c75f308-7a2b-42f4-8ebc-b10e0ead190a",
              "parentUUID": "4b1ca751-55b5-4edd-bd9f-01d77cf07663",
              "isHook": false,
              "skipped": false
            },
            {
              "title": "Clicks video card and sees error message",
              "fullTitle": "TinyFlix Functional Test Suite Clicks video card and sees error message",
              "timedOut": null,
              "duration": 3067,
              "state": "passed",
              "speed": "fast",
              "pass": true,
              "fail": false,
              "pending": false,
              "context": null,
              "code": "cy.visit('/');\ncy.get('.video-card').first().click();\ncy.contains('Error loading video').should('exist');",
              "err": {},
              "uuid": "fc1148a0-f065-43ca-b74e-35f58a5858b9",
              "parentUUID": "4b1ca751-55b5-4edd-bd9f-01d77cf07663",
              "isHook": false,
              "skipped": false
            },
            {
              "title": "Adds a comment on a video",
              "fullTitle": "TinyFlix Functional Test Suite Adds a comment on a video",
              "timedOut": null,
              "duration": 1794,
              "state": "passed",
              "speed": "fast",
              "pass": true,
              "fail": false,
              "pending": false,
              "context": null,
              "code": "cy.visit('/');\ncy.get('.video-card').first().click();\ncy.get('textarea').first().type('Testing comment{enter}');",
              "err": {},
              "uuid": "5157cf2c-3ac2-40e4-ad08-c5fbc145fcca",
              "parentUUID": "4b1ca751-55b5-4edd-bd9f-01d77cf07663",
              "isHook": false,
              "skipped": false
            },
            {
              "title": "Adds a bookmark to a video",
              "fullTitle": "TinyFlix Functional Test Suite Adds a bookmark to a video",
              "timedOut": null,
              "duration": 1951,
              "state": "failed",
              "speed": null,
              "pass": false,
              "fail": true,
              "pending": false,
              "context": null,
              "code": "cy.visit('/');\ncy.get('.video-card').first().click();\ncy.get('.bookmark-button').click();",
              "err": {
                "message": "CypressError: `cy.click()` can only be called on a single element. Your subject contained 3 elements. Pass `{ multiple: true }` if you want to serially click each element.\n\nhttps://on.cypress.io/click",
                "estack": "CypressError: `cy.click()` can only be called on a single element. Your subject contained 3 elements. Pass `{ multiple: true }` if you want to serially click each element.\n\nhttps://on.cypress.io/click\n    at mouseAction (http://localhost:5173/__cypress/runner/cypress_runner.js:113980:68)\n    at Context.click (http://localhost:5173/__cypress/runner/cypress_runner.js:114147:14)\n    at wrapped (http://localhost:5173/__cypress/runner/cypress_runner.js:141532:19)\nFrom Your Spec Code:\n    at Object.proxyGetter [as get] (http://localhost:5173/__cypress/runner/cypress_runner.js:80297:22)\n    at exists (http://localhost:5173/__cypress/runner/cypress_runner.js:146387:26)\n    at elExists (http://localhost:5173/__cypress/runner/cypress_runner.js:146402:10)\n    at ensureExistence (http://localhost:5173/__cypress/runner/cypress_runner.js:146583:22)\n    at onFailFn (http://localhost:5173/__cypress/runner/cypress_runner.js:146612:53)",
                "diff": null
              },
              "uuid": "06a66284-63cf-4545-8250-f22ce59f94cd",
              "parentUUID": "4b1ca751-55b5-4edd-bd9f-01d77cf07663",
              "isHook": false,
              "skipped": false
            },
            {
              "title": "Checks bookmark list",
              "fullTitle": "TinyFlix Functional Test Suite Checks bookmark list",
              "timedOut": null,
              "duration": 4448,
              "state": "failed",
              "speed": null,
              "pass": false,
              "fail": true,
              "pending": false,
              "context": null,
              "code": "cy.visit('/');\ncy.contains('Bookmarks');",
              "err": {
                "message": "AssertionError: Timed out retrying after 4000ms: Expected to find content: 'Bookmarks' but never did.",
                "estack": "AssertionError: Timed out retrying after 4000ms: Expected to find content: 'Bookmarks' but never did.\n    at Context.eval (webpack://tinyflix/./cypress/e2e/tinyflix_smoke_test.cy.js:40:7)",
                "diff": null
              },
              "uuid": "bd84c948-e3e1-42d0-b8c7-82b31917c1d9",
              "parentUUID": "4b1ca751-55b5-4edd-bd9f-01d77cf07663",
              "isHook": false,
              "skipped": false
            },
            {
              "title": "Handles invalid comment input",
              "fullTitle": "TinyFlix Functional Test Suite Handles invalid comment input",
              "timedOut": null,
              "duration": 5712,
              "state": "failed",
              "speed": null,
              "pass": false,
              "fail": true,
              "pending": false,
              "context": null,
              "code": "cy.visit('/');\ncy.get('.video-card').first().click();\ncy.get('textarea').first().clear().type('{enter}');\ncy.contains('Comment cannot be empty').should('exist');",
              "err": {
                "message": "AssertionError: Timed out retrying after 4000ms: Expected to find content: 'Comment cannot be empty' but never did.",
                "estack": "AssertionError: Timed out retrying after 4000ms: Expected to find content: 'Comment cannot be empty' but never did.\n    at Context.eval (webpack://tinyflix/./cypress/e2e/tinyflix_smoke_test.cy.js:47:43)",
                "diff": null
              },
              "uuid": "84256012-3414-4c77-beab-0856c5c2cecd",
              "parentUUID": "4b1ca751-55b5-4edd-bd9f-01d77cf07663",
              "isHook": false,
              "skipped": false
            },
            {
              "title": "Handles network error simulation",
              "fullTitle": "TinyFlix Functional Test Suite Handles network error simulation",
              "timedOut": null,
              "duration": 5368,
              "state": "failed",
              "speed": null,
              "pass": false,
              "fail": true,
              "pending": false,
              "context": null,
              "code": "cy.intercept('GET', '**/videos', {\n  forceNetworkError: true\n}).as('getVideos');\ncy.visit('/');\ncy.wait('@getVideos');\ncy.contains('Error fetching videos').should('exist');",
              "err": {
                "message": "CypressError: Timed out retrying after 5000ms: `cy.wait()` timed out waiting `5000ms` for the 1st request to the route: `getVideos`. No request ever occurred.\n\nhttps://on.cypress.io/wait",
                "estack": "CypressError: Timed out retrying after 5000ms: `cy.wait()` timed out waiting `5000ms` for the 1st request to the route: `getVideos`. No request ever occurred.\n\nhttps://on.cypress.io/wait\n    at cypressErr (http://localhost:5173/__cypress/runner/cypress_runner.js:77535:18)\n    at Object.errByPath (http://localhost:5173/__cypress/runner/cypress_runner.js:77589:10)\n    at checkForXhr (http://localhost:5173/__cypress/runner/cypress_runner.js:138823:84)\n    at <unknown> (http://localhost:5173/__cypress/runner/cypress_runner.js:138849:28)\n    at tryCatcher (http://localhost:5173/__cypress/runner/cypress_runner.js:1777:23)\n    at Promise.attempt.Promise.try (http://localhost:5173/__cypress/runner/cypress_runner.js:4285:29)\n    at whenStable (http://localhost:5173/__cypress/runner/cypress_runner.js:147205:68)\n    at <unknown> (http://localhost:5173/__cypress/runner/cypress_runner.js:147146:14)\n    at tryCatcher (http://localhost:5173/__cypress/runner/cypress_runner.js:1777:23)\n    at Promise._settlePromiseFromHandler (http://localhost:5173/__cypress/runner/cypress_runner.js:1489:31)\n    at Promise._settlePromise (http://localhost:5173/__cypress/runner/cypress_runner.js:1546:18)\n    at Promise._settlePromise0 (http://localhost:5173/__cypress/runner/cypress_runner.js:1591:10)\n    at Promise._settlePromises (http://localhost:5173/__cypress/runner/cypress_runner.js:1671:18)\n    at Promise._fulfill (http://localhost:5173/__cypress/runner/cypress_runner.js:1615:18)\n    at <unknown> (http://localhost:5173/__cypress/runner/cypress_runner.js:5420:46)\nFrom Your Spec Code:\n    at Context.eval (webpack://tinyflix/./cypress/e2e/tinyflix_smoke_test.cy.js:53:7)",
                "diff": null
              },
              "uuid": "c8a23ca8-b8c8-4fd8-94ed-f6698a51e9bf",
              "parentUUID": "4b1ca751-55b5-4edd-bd9f-01d77cf07663",
              "isHook": false,
              "skipped": false
            }
          ],
          "suites": [],
          "passes": [
            "37b3e3f1-97c8-41b1-8833-3c8a4bd6c8ab",
            "3283f83a-6782-49ad-aeec-1e82dbdb29ac",
            "7c75f308-7a2b-42f4-8ebc-b10e0ead190a",
            "fc1148a0-f065-43ca-b74e-35f58a5858b9",
            "5157cf2c-3ac2-40e4-ad08-c5fbc145fcca"
          ],
          "failures": [
            "06a66284-63cf-4545-8250-f22ce59f94cd",
            "bd84c948-e3e1-42d0-b8c7-82b31917c1d9",
            "84256012-3414-4c77-beab-0856c5c2cecd",
            "c8a23ca8-b8c8-4fd8-94ed-f6698a51e9bf"
          ],
          "pending": [],
          "skipped": [],
          "duration": 24016,
          "root": false,
          "rootEmpty": false,
          "_timeout": 2000
        }
      ],
      "passes": [],
      "failures": [],
      "pending": [],
      "skipped": [],
      "duration": 0,
      "root": true,
      "rootEmpty": true,
      "_timeout": 2000
    }
  ],
  "meta": {
    "mocha": {
      "version": "7.2.0"
    },
    "mochawesome": {
      "options": {
        "quiet": false,
        "reportFilename": "mochawesome",
        "saveHtml": true,
        "saveJson": true,
        "consoleReporter": "spec",
        "useInlineDiffs": false,
        "code": true
      },
      "version": "7.1.3"
    },
    "marge": {
      "options": {
        "reportDir": "cypress/reports",
        "overwrite": false,
        "html": true,
        "json": true
      },
      "version": "6.2.0"
    }
  }
}